<?xml version="1.0" encoding="UTF-8"?>
<testsuite xmlns:xsi="http://www.w3.org/2001/XMLSchema-instance" xsi:noNamespaceSchemaLocation="https://maven.apache.org/surefire/maven-surefire-plugin/xsd/surefire-test-report.xsd" name="gpl.granpepinillo.pagoTienda.ProductoTest" time="0.004" tests="10" errors="0" skipped="0" failures="0">
  <properties>
    <property name="sun.desktop" value="windows"/>
    <property name="awt.toolkit" value="sun.awt.windows.WToolkit"/>
    <property name="java.specification.version" value="11"/>
    <property name="sun.cpu.isalist" value="amd64"/>
    <property name="sun.jnu.encoding" value="Cp1252"/>
    <property name="java.class.path" value="C:\Users\granp\Documents\DAW DUAL\pago_tienda\pagoTienda\target\test-classes;C:\Users\granp\Documents\DAW DUAL\pago_tienda\pagoTienda\target\classes;C:\Users\granp\.m2\repository\junit\junit\4.11\junit-4.11.jar;C:\Users\granp\.m2\repository\org\hamcrest\hamcrest-core\1.3\hamcrest-core-1.3.jar;"/>
    <property name="java.vm.vendor" value="AdoptOpenJDK"/>
    <property name="sun.arch.data.model" value="64"/>
    <property name="user.variant" value=""/>
    <property name="java.vendor.url" value="https://adoptopenjdk.net/"/>
    <property name="user.timezone" value="Europe/Paris"/>
    <property name="java.vm.specification.version" value="11"/>
    <property name="os.name" value="Windows 10"/>
    <property name="sun.java.launcher" value="SUN_STANDARD"/>
    <property name="user.country" value="ES"/>
    <property name="sun.boot.library.path" value="C:\Users\granp\AppData\Local\Programs\AdoptOpenJDK\jdk-11.0.10.9-hotspot\bin"/>
    <property name="sun.java.command" value="C:\Users\granp\AppData\Local\Temp\surefire8986389503516468607\surefirebooter16859083634382227548.jar C:\Users\granp\AppData\Local\Temp\surefire8986389503516468607 2021-02-17T13-12-54_669-jvmRun1 surefire12436174077413829740tmp surefire_010021464172633487227tmp"/>
    <property name="jdk.debug" value="release"/>
    <property name="surefire.test.class.path" value="C:\Users\granp\Documents\DAW DUAL\pago_tienda\pagoTienda\target\test-classes;C:\Users\granp\Documents\DAW DUAL\pago_tienda\pagoTienda\target\classes;C:\Users\granp\.m2\repository\junit\junit\4.11\junit-4.11.jar;C:\Users\granp\.m2\repository\org\hamcrest\hamcrest-core\1.3\hamcrest-core-1.3.jar;"/>
    <property name="sun.cpu.endian" value="little"/>
    <property name="user.home" value="C:\Users\granp"/>
    <property name="user.language" value="es"/>
    <property name="java.specification.vendor" value="Oracle Corporation"/>
    <property name="java.version.date" value="2021-01-19"/>
    <property name="java.home" value="C:\Users\granp\AppData\Local\Programs\AdoptOpenJDK\jdk-11.0.10.9-hotspot"/>
    <property name="file.separator" value="\"/>
    <property name="basedir" value="C:\Users\granp\Documents\DAW DUAL\pago_tienda\pagoTienda"/>
    <property name="java.vm.compressedOopsMode" value="Zero based"/>
    <property name="line.separator" value="&#10;"/>
    <property name="java.specification.name" value="Java Platform API Specification"/>
    <property name="java.vm.specification.vendor" value="Oracle Corporation"/>
    <property name="java.awt.graphicsenv" value="sun.awt.Win32GraphicsEnvironment"/>
    <property name="surefire.real.class.path" value="C:\Users\granp\AppData\Local\Temp\surefire8986389503516468607\surefirebooter16859083634382227548.jar"/>
    <property name="user.script" value=""/>
    <property name="sun.management.compiler" value="HotSpot 64-Bit Tiered Compilers"/>
    <property name="java.runtime.version" value="11.0.10+9"/>
    <property name="user.name" value="granp"/>
    <property name="path.separator" value=";"/>
    <property name="os.version" value="10.0"/>
    <property name="java.runtime.name" value="OpenJDK Runtime Environment"/>
    <property name="file.encoding" value="Cp1252"/>
    <property name="java.vm.name" value="OpenJDK 64-Bit Server VM"/>
    <property name="java.vendor.version" value="AdoptOpenJDK"/>
    <property name="localRepository" value="C:\Users\granp\.m2\repository"/>
    <property name="java.vendor.url.bug" value="https://github.com/AdoptOpenJDK/openjdk-support/issues"/>
    <property name="java.io.tmpdir" value="C:\Users\granp\AppData\Local\Temp\"/>
    <property name="java.version" value="11.0.10"/>
    <property name="user.dir" value="C:\Users\granp\Documents\DAW DUAL\pago_tienda\pagoTienda"/>
    <property name="os.arch" value="amd64"/>
    <property name="java.vm.specification.name" value="Java Virtual Machine Specification"/>
    <property name="java.awt.printerjob" value="sun.awt.windows.WPrinterJob"/>
    <property name="sun.os.patch.level" value=""/>
    <property name="java.library.path" value="C:\Users\granp\AppData\Local\Programs\AdoptOpenJDK\jdk-11.0.10.9-hotspot\bin;C:\Windows\Sun\Java\bin;C:\Windows\system32;C:\Windows;C:\Program Files (x86)\Common Files\Oracle\Java\javapath;C:\Windows\system32;C:\Windows;C:\Windows\System32\Wbem;C:\Windows\System32\WindowsPowerShell\v1.0\;C:\Windows\System32\OpenSSH\;C:\Program Files\NVIDIA Corporation\NVIDIA NvDLISR;C:\Program Files\Git\cmd;C:\Program Files\TortoiseGit\bin;C:\Users\granp\AppData\Local\Programs\AdoptOpenJDK\jdk-11.0.10.9-hotspot\bin;C:\Users\granp\AppData\Local\Programs\Python\Python39\Scripts\;C:\Users\granp\AppData\Local\Programs\Python\Python39\;C:\Program Files\MySQL\MySQL Shell 8.0\bin\;C:\Users\granp\AppData\Local\Microsoft\WindowsApps;C:\Users\granp\AppData\Local\Programs\Microsoft VS Code\bin;C:\Program Files\JetBrains\IntelliJ IDEA 2020.3.2\bin;;C:\Program Files (x86)\Maven\apache-maven-3.6.3\bin;C:\Users\granp\AppData\Local\Programs\AdoptOpenJDK\jdk-11.0.10.9-hotspot\bin;;."/>
    <property name="java.vm.info" value="mixed mode"/>
    <property name="java.vendor" value="AdoptOpenJDK"/>
    <property name="java.vm.version" value="11.0.10+9"/>
    <property name="sun.io.unicode.encoding" value="UnicodeLittle"/>
    <property name="java.class.version" value="55.0"/>
  </properties>
  <testcase name="setNombreTest" classname="gpl.granpepinillo.pagoTienda.ProductoTest" time="0"/>
  <testcase name="aplicarDescuentoTest" classname="gpl.granpepinillo.pagoTienda.ProductoTest" time="0"/>
  <testcase name="getCodigoTest" classname="gpl.granpepinillo.pagoTienda.ProductoTest" time="0"/>
  <testcase name="getCategoriaTest" classname="gpl.granpepinillo.pagoTienda.ProductoTest" time="0"/>
  <testcase name="getMarcaTest" classname="gpl.granpepinillo.pagoTienda.ProductoTest" time="0"/>
  <testcase name="getPrecioTest" classname="gpl.granpepinillo.pagoTienda.ProductoTest" time="0"/>
  <testcase name="setMarcaTest" classname="gpl.granpepinillo.pagoTienda.ProductoTest" time="0"/>
  <testcase name="setPrecioTest" classname="gpl.granpepinillo.pagoTienda.ProductoTest" time="0"/>
  <testcase name="setCategoriaTest" classname="gpl.granpepinillo.pagoTienda.ProductoTest" time="0"/>
  <testcase name="getNombreTest" classname="gpl.granpepinillo.pagoTienda.ProductoTest" time="0"/>
</testsuite>