<?xml version="1.0" encoding="UTF-8"?>
<testsuite xmlns:xsi="http://www.w3.org/2001/XMLSchema-instance" xsi:noNamespaceSchemaLocation="https://maven.apache.org/surefire/maven-surefire-plugin/xsd/surefire-test-report.xsd" name="gpl.granpepinillo.pagoTienda.ProductoTest" time="0.002" tests="10" errors="0" skipped="0" failures="0">
  <properties>
    <property name="sun.desktop" value="windows"/>
    <property name="awt.toolkit" value="sun.awt.windows.WToolkit"/>
    <property name="file.encoding.pkg" value="sun.io"/>
    <property name="java.specification.version" value="1.8"/>
    <property name="sun.cpu.isalist" value="pentium_pro+mmx pentium_pro pentium+mmx pentium i486 i386 i86"/>
    <property name="sun.jnu.encoding" value="Cp1252"/>
    <property name="java.class.path" value="C:\Users\granp\Documents\DAW DUAL\pago_tienda\pagoTienda\target\test-classes;C:\Users\granp\Documents\DAW DUAL\pago_tienda\pagoTienda\target\classes;C:\Users\granp\.m2\repository\junit\junit\4.11\junit-4.11.jar;C:\Users\granp\.m2\repository\org\hamcrest\hamcrest-core\1.3\hamcrest-core-1.3.jar;"/>
    <property name="java.vm.vendor" value="Oracle Corporation"/>
    <property name="sun.arch.data.model" value="32"/>
    <property name="user.variant" value=""/>
    <property name="java.vendor.url" value="http://java.oracle.com/"/>
    <property name="user.timezone" value="Europe/Paris"/>
    <property name="java.vm.specification.version" value="1.8"/>
    <property name="os.name" value="Windows 10"/>
    <property name="user.country" value="ES"/>
    <property name="sun.java.launcher" value="SUN_STANDARD"/>
    <property name="sun.boot.library.path" value="C:\Program Files (x86)\Java\jre1.8.0_281\bin"/>
    <property name="sun.java.command" value="C:\Users\granp\AppData\Local\Temp\surefire7996899792148353378\surefirebooter59348597812807948.jar C:\Users\granp\AppData\Local\Temp\surefire7996899792148353378 2021-02-16T18-06-28_488-jvmRun1 surefire7236553672192572522tmp surefire_02001451137216062283tmp"/>
    <property name="surefire.test.class.path" value="C:\Users\granp\Documents\DAW DUAL\pago_tienda\pagoTienda\target\test-classes;C:\Users\granp\Documents\DAW DUAL\pago_tienda\pagoTienda\target\classes;C:\Users\granp\.m2\repository\junit\junit\4.11\junit-4.11.jar;C:\Users\granp\.m2\repository\org\hamcrest\hamcrest-core\1.3\hamcrest-core-1.3.jar;"/>
    <property name="sun.cpu.endian" value="little"/>
    <property name="user.home" value="C:\Users\granp"/>
    <property name="user.language" value="es"/>
    <property name="java.specification.vendor" value="Oracle Corporation"/>
    <property name="java.home" value="C:\Program Files (x86)\Java\jre1.8.0_281"/>
    <property name="basedir" value="C:\Users\granp\Documents\DAW DUAL\pago_tienda\pagoTienda"/>
    <property name="file.separator" value="\"/>
    <property name="line.separator" value="&#10;"/>
    <property name="java.vm.specification.vendor" value="Oracle Corporation"/>
    <property name="java.specification.name" value="Java Platform API Specification"/>
    <property name="java.awt.graphicsenv" value="sun.awt.Win32GraphicsEnvironment"/>
    <property name="surefire.real.class.path" value="C:\Users\granp\AppData\Local\Temp\surefire7996899792148353378\surefirebooter59348597812807948.jar"/>
    <property name="sun.boot.class.path" value="C:\Program Files (x86)\Java\jre1.8.0_281\lib\resources.jar;C:\Program Files (x86)\Java\jre1.8.0_281\lib\rt.jar;C:\Program Files (x86)\Java\jre1.8.0_281\lib\sunrsasign.jar;C:\Program Files (x86)\Java\jre1.8.0_281\lib\jsse.jar;C:\Program Files (x86)\Java\jre1.8.0_281\lib\jce.jar;C:\Program Files (x86)\Java\jre1.8.0_281\lib\charsets.jar;C:\Program Files (x86)\Java\jre1.8.0_281\lib\jfr.jar;C:\Program Files (x86)\Java\jre1.8.0_281\classes"/>
    <property name="user.script" value=""/>
    <property name="sun.management.compiler" value="HotSpot Client Compiler"/>
    <property name="java.runtime.version" value="1.8.0_281-b09"/>
    <property name="user.name" value="granp"/>
    <property name="path.separator" value=";"/>
    <property name="os.version" value="10.0"/>
    <property name="java.endorsed.dirs" value="C:\Program Files (x86)\Java\jre1.8.0_281\lib\endorsed"/>
    <property name="java.runtime.name" value="Java(TM) SE Runtime Environment"/>
    <property name="file.encoding" value="Cp1252"/>
    <property name="java.vm.name" value="Java HotSpot(TM) Client VM"/>
    <property name="localRepository" value="C:\Users\granp\.m2\repository"/>
    <property name="java.vendor.url.bug" value="http://bugreport.sun.com/bugreport/"/>
    <property name="java.io.tmpdir" value="C:\Users\granp\AppData\Local\Temp\"/>
    <property name="java.version" value="1.8.0_281"/>
    <property name="user.dir" value="C:\Users\granp\Documents\DAW DUAL\pago_tienda\pagoTienda"/>
    <property name="os.arch" value="x86"/>
    <property name="java.vm.specification.name" value="Java Virtual Machine Specification"/>
    <property name="java.awt.printerjob" value="sun.awt.windows.WPrinterJob"/>
    <property name="sun.os.patch.level" value=""/>
    <property name="java.library.path" value="C:\Program Files (x86)\Java\jre1.8.0_281\bin;C:\Windows\Sun\Java\bin;C:\Windows\system32;C:\Windows;C:\Program Files (x86)\Common Files\Oracle\Java\javapath;C:\Windows\system32;C:\Windows;C:\Windows\System32\Wbem;C:\Windows\System32\WindowsPowerShell\v1.0\;C:\Windows\System32\OpenSSH\;C:\Program Files\NVIDIA Corporation\NVIDIA NvDLISR;C:\Program Files\Git\cmd;C:\Program Files\TortoiseGit\bin;C:\Users\granp\AppData\Local\Programs\Python\Python39\Scripts\;C:\Users\granp\AppData\Local\Programs\Python\Python39\;C:\Program Files\MySQL\MySQL Shell 8.0\bin\;C:\Users\granp\AppData\Local\Microsoft\WindowsApps;C:\Users\granp\AppData\Local\Programs\Microsoft VS Code\bin;C:\Program Files\JetBrains\IntelliJ IDEA 2020.3.2\bin;C:\Program Files\Java\jdk-11\bin;C:\Program Files (x86)\Maven\apache-maven-3.6.3\bin;."/>
    <property name="java.vm.info" value="mixed mode"/>
    <property name="java.vendor" value="Oracle Corporation"/>
    <property name="java.vm.version" value="25.281-b09"/>
    <property name="java.ext.dirs" value="C:\Program Files (x86)\Java\jre1.8.0_281\lib\ext;C:\Windows\Sun\Java\lib\ext"/>
    <property name="sun.io.unicode.encoding" value="UnicodeLittle"/>
    <property name="java.class.version" value="52.0"/>
  </properties>
  <testcase name="setNombreTest" classname="gpl.granpepinillo.pagoTienda.ProductoTest" time="0"/>
  <testcase name="aplicarDescuentoTest" classname="gpl.granpepinillo.pagoTienda.ProductoTest" time="0"/>
  <testcase name="getCodigoTest" classname="gpl.granpepinillo.pagoTienda.ProductoTest" time="0"/>
  <testcase name="getCategoriaTest" classname="gpl.granpepinillo.pagoTienda.ProductoTest" time="0"/>
  <testcase name="getMarcaTest" classname="gpl.granpepinillo.pagoTienda.ProductoTest" time="0"/>
  <testcase name="getPrecioTest" classname="gpl.granpepinillo.pagoTienda.ProductoTest" time="0"/>
  <testcase name="setMarcaTest" classname="gpl.granpepinillo.pagoTienda.ProductoTest" time="0"/>
  <testcase name="setPrecioTest" classname="gpl.granpepinillo.pagoTienda.ProductoTest" time="0"/>
  <testcase name="setCategoriaTest" classname="gpl.granpepinillo.pagoTienda.ProductoTest" time="0"/>
  <testcase name="getNombreTest" classname="gpl.granpepinillo.pagoTienda.ProductoTest" time="0"/>
</testsuite>